<?xml version="1.0" encoding="UTF-8"?>
<testsuite xmlns:xsi="http://www.w3.org/2001/XMLSchema-instance" xsi:noNamespaceSchemaLocation="https://maven.apache.org/surefire/maven-surefire-plugin/xsd/surefire-test-report-3.0.xsd" version="3.0" name="OmisFax.OmiStories.Controllers.PartitaControllerTest" time="0.077" tests="9" errors="0" skipped="0" failures="0">
  <properties>
[...]
</properties>
  <testcase name="testRiprendiPartitaSuccess" classname="OmisFax.OmiStories.Controllers.PartitaControllerTest" time="0.066"/>
  <testcase name="testSalvaPartitaEsistente" classname="OmisFax.OmiStories.Controllers.PartitaControllerTest" time="0.002"/>
  <testcase name="testSalvaPartitaUtenteNonLoggato" classname="OmisFax.OmiStories.Controllers.PartitaControllerTest" time="0.001">
    <system-out><![CDATA[Utente non trovatonull
]]></system-out>
  </testcase>
  <testcase name="testSalvaPartitaSuccess" classname="OmisFax.OmiStories.Controllers.PartitaControllerTest" time="0.001"/>
  <testcase name="testAggiornaPartitaScenarioNonValido" classname="OmisFax.OmiStories.Controllers.PartitaControllerTest" time="0.001"/>
  <testcase name="testRiprendiPartitaNotFound" classname="OmisFax.OmiStories.Controllers.PartitaControllerTest" time="0.001"/>
  <testcase name="testAggiornaPartitaSuccess" classname="OmisFax.OmiStories.Controllers.PartitaControllerTest" time="0.001"/>
  <testcase name="testEliminaPartitaSuccess" classname="OmisFax.OmiStories.Controllers.PartitaControllerTest" time="0.001"/>
  <testcase name="testAggiornaPartitaFailure" classname="OmisFax.OmiStories.Controllers.PartitaControllerTest" time="0.001"/>
</testsuite>